============================= test session starts =============================
platform win32 -- Python 3.12.11, pytest-8.4.2, pluggy-1.6.0
rootdir: D:\ProjectGIT\TgBot\backend
configfile: pyproject.toml
testpaths: tests
plugins: anyio-4.14.2, asyncio-1.4.0, cov-7.1.0
asyncio: mode=Mode.AUTO, debug=False, asyncio_default_fixture_loop_scope=function, asyncio_default_test_loop_scope=function
collected 513 items

tests\test_api_auth.py ..................                                [  3%]
tests\test_api_products.py ......................                        [  7%]
tests\test_api_referrals.py ......                                       [  8%]
tests\test_api_verification.py .................                         [ 12%]
tests\test_bot_flow.py ............................................      [ 20%]
tests\test_bot_runtime.py ...===DONE_EXIT=0=== 
============================= test session starts =============================
platform win32 -- Python 3.12.11, pytest-8.4.2, pluggy-1.6.0
rootdir: D:\ProjectGIT\TgBot\backend
configfile: pyproject.toml
plugins: anyio-4.14.2, asyncio-1.4.0, cov-7.1.0
asyncio: mode=Mode.AUTO, debug=False, asyncio_default_fixture_loop_scope=function, asyncio_default_test_loop_scope=function
collected 0 items

============================ no tests ran in 0.01s ============================
============================= test session starts =============================
platform win32 -- Python 3.12.11, pytest-8.4.2, pluggy-1.6.0
rootdir: D:\ProjectGIT\TgBot\backend
configfile: pyproject.toml
plugins: anyio-4.14.2, asyncio-1.4.0, cov-7.1.0
asyncio: mode=Mode.AUTO, debug=False, asyncio_default_fixture_loop_scope=function, asyncio_default_test_loop_scope=function
collected 0 items

============================ no tests ran in 0.01s ============================
============================= test session starts =============================
platform win32 -- Python 3.12.11, pytest-8.4.2, pluggy-1.6.0
rootdir: D:\ProjectGIT\TgBot\backend
configfile: pyproject.toml
plugins: anyio-4.14.2, asyncio-1.4.0, cov-7.1.0
asyncio: mode=Mode.AUTO, debug=False, asyncio_default_fixture_loop_scope=function, asyncio_default_test_loop_scope=function
collected 0 items

============================ no tests ran in 0.01s ============================
